This is pdfTeX, Version 3.1415926-1.40.11 (TeX Live 2010) (format=pdflatex 2011.3.6)  1 AUG 2015 08:31
entering extended mode
 restricted \write18 enabled.
 %&-line parsing enabled.
**cinc_2015_hrv.tex
(./cinc_2015_hrv.tex
LaTeX2e <2009/09/24>
Babel <v3.8l> and hyphenation patterns for english, dumylang, nohyphenation, ge
rman-x-2009-06-19, ngerman-x-2009-06-19, ancientgreek, ibycus, arabic, armenian
, basque, bulgarian, catalan, pinyin, coptic, croatian, czech, danish, dutch, u
kenglish, usenglishmax, esperanto, estonian, farsi, finnish, french, galician, 
german, ngerman, swissgerman, monogreek, greek, hungarian, icelandic, assamese,
 bengali, gujarati, hindi, kannada, malayalam, marathi, oriya, panjabi, tamil, 
telugu, indonesian, interlingua, irish, italian, kurmanji, lao, latin, latvian,
 lithuanian, mongolian, mongolianlmc, bokmal, nynorsk, polish, portuguese, roma
nian, russian, sanskrit, serbian, slovak, slovenian, spanish, swedish, turkish,
 turkmen, ukrainian, uppersorbian, welsh, loaded.
(./cinc.cls
Document Class: cinc 2008/06/11
Document Class `cinc.cls' <11-June-2008>.
Adapted from IEEEtran2e.cls by H.A. Kestler, revised by G.B. Moody
(./balance.sty
Package: balance 1999/02/23 4.3 (PWD)
\oldvsize=\dimen102
) (/usr/local/texlive/2010/texmf-dist/tex/latex/cite/cite.sty
LaTeX Info: Redefining \cite on input line 285.
LaTeX Info: Redefining \nocite on input line 356.
Package: cite 2009/08/29  v 5.2
)
(/usr/local/texlive/2010/texmf-dist/tex/latex/tools/rawfonts.sty
Package: rawfonts 1994/05/08 Low-level LaTeX 2.09 font compatibility

(/usr/local/texlive/2010/texmf-dist/tex/latex/tools/somedefs.sty
Package: somedefs 1994/06/01 v0.03 Toolkit for optional definitions
)
LaTeX Font Info:    Try loading font information for U+lasy on input line 45.

(/usr/local/texlive/2010/texmf-dist/tex/latex/base/ulasy.fd
File: ulasy.fd 1998/08/17 v2.2e LaTeX symbol font definitions
))
(/usr/local/texlive/2010/texmf-dist/tex/latex/base/oldlfont.sty
Package: oldlfont 1994/11/29 v2.2k Standard LaTeX package

(/usr/local/texlive/2010/texmf-dist/tex/latex/base/tracefnt.sty
Package: tracefnt 1997/05/29 v3.0j Standard LaTeX package (font tracing)
\tracingfonts=\count79
LaTeX Info: Redefining \selectfont on input line 101.
)
\symbold=\mathgroup4
\symsans=\mathgroup5
\symtypewriter=\mathgroup6
\symitalic=\mathgroup7
\symsmallcaps=\mathgroup8
\symslanted=\mathgroup9
LaTeX Font Info:    Redeclaring math alphabet \mathbf on input line 71.
LaTeX Font Info:    Redeclaring math alphabet \mathsf on input line 72.
LaTeX Font Info:    Redeclaring math alphabet \mathtt on input line 73.
LaTeX Font Info:    Redeclaring math alphabet \mathit on input line 79.
LaTeX Info: Redefining \em on input line 89.

(/usr/local/texlive/2010/texmf-dist/tex/latex/base/latexsym.sty
Package: latexsym 1998/08/17 v2.2e Standard LaTeX package (lasy symbols)
\symlasy=\mathgroup10
LaTeX Font Info:    Overwriting symbol font `lasy' in version `bold'
(Font)                  U/lasy/m/n --> U/lasy/b/n on input line 47.
))
(/usr/local/texlive/2010/texmf-dist/tex/latex/psnfss/times.sty
Package: times 2005/04/12 PSNFSS-v9.2a (SPQR) 
)
-- This is a 10 point document
\tmpitemindent=\dimen103
\c@section=\count80
\c@subsection=\count81
\c@subsubsection=\count82
\c@paragraph=\count83
\Mylen=\skip41
\captionindent=\skip42
\c@figure=\count84
\c@table=\count85
) (/usr/local/texlive/2010/texmf-dist/tex/latex/graphics/graphicx.sty
Package: graphicx 1999/02/16 v1.0f Enhanced LaTeX Graphics (DPC,SPQR)

(/usr/local/texlive/2010/texmf-dist/tex/latex/graphics/keyval.sty
Package: keyval 1999/03/16 v1.13 key=value parser (DPC)
\KV@toks@=\toks14
)
(/usr/local/texlive/2010/texmf-dist/tex/latex/graphics/graphics.sty
Package: graphics 2009/02/05 v1.0o Standard LaTeX Graphics (DPC,SPQR)

(/usr/local/texlive/2010/texmf-dist/tex/latex/graphics/trig.sty
Package: trig 1999/03/16 v1.09 sin cos tan (DPC)
)
(/usr/local/texlive/2010/texmf-dist/tex/latex/latexconfig/graphics.cfg
File: graphics.cfg 2010/04/23 v1.9 graphics configuration of TeX Live
)
Package graphics Info: Driver file: pdftex.def on input line 91.

(/usr/local/texlive/2010/texmf-dist/tex/latex/pdftex-def/pdftex.def
File: pdftex.def 2010/02/14 v0.04n Graphics/color for pdfTeX
\Gread@gobject=\count86
))
\Gin@req@height=\dimen104
\Gin@req@width=\dimen105
)
(./cinc_2015_hrv.aux)
\openout1 = `cinc_2015_hrv.aux'.

LaTeX Font Info:    Checking defaults for OML/cmm/m/it on input line 6.
LaTeX Font Info:    ... okay on input line 6.
LaTeX Font Info:    Checking defaults for T1/cmr/m/n on input line 6.
LaTeX Font Info:    ... okay on input line 6.
LaTeX Font Info:    Checking defaults for OT1/cmr/m/n on input line 6.
LaTeX Font Info:    ... okay on input line 6.
LaTeX Font Info:    Checking defaults for OMS/cmsy/m/n on input line 6.
LaTeX Font Info:    ... okay on input line 6.
LaTeX Font Info:    Checking defaults for OMX/cmex/m/n on input line 6.
LaTeX Font Info:    ... okay on input line 6.
LaTeX Font Info:    Checking defaults for U/cmr/m/n on input line 6.
LaTeX Font Info:    ... okay on input line 6.
LaTeX Font Info:    Try loading font information for OT1+ptm on input line 6.

(/usr/local/texlive/2010/texmf-dist/tex/latex/psnfss/ot1ptm.fd
File: ot1ptm.fd 2001/06/04 font definitions for OT1/ptm.
)
(/usr/local/texlive/2010/texmf-dist/tex/context/base/supp-pdf.mkii
[Loading MPS to PDF converter (version 2006.09.02).]
\scratchcounter=\count87
\scratchdimen=\dimen106
\scratchbox=\box26
\nofMPsegments=\count88
\nofMParguments=\count89
\everyMPshowfont=\toks15
\MPscratchCnt=\count90
\MPscratchDim=\dimen107
\MPnumerator=\count91
\everyMPtoPDFconversion=\toks16
) (/usr/local/texlive/2010/texmf-dist/tex/generic/oberdiek/pdftexcmds.sty
Package: pdftexcmds 2010/04/01 v0.9 Utility functions of pdfTeX for LuaTeX (HO)


(/usr/local/texlive/2010/texmf-dist/tex/generic/oberdiek/infwarerr.sty
Package: infwarerr 2010/04/08 v1.3 Providing info/warning/message (HO)
)
(/usr/local/texlive/2010/texmf-dist/tex/generic/oberdiek/ifluatex.sty
Package: ifluatex 2010/03/01 v1.3 Provides the ifluatex switch (HO)
Package ifluatex Info: LuaTeX not detected.
)
(/usr/local/texlive/2010/texmf-dist/tex/generic/oberdiek/ltxcmds.sty
Package: ltxcmds 2010/04/26 v1.7 LaTeX kernel commands for general use (HO)
)
Package pdftexcmds Info: LuaTeX not detected.
Package pdftexcmds Info: \pdf@primitive is available.
Package pdftexcmds Info: \pdf@ifprimitive is available.
)
(/usr/local/texlive/2010/texmf-dist/tex/latex/oberdiek/epstopdf-base.sty
Package: epstopdf-base 2010/02/09 v2.5 Base part for package epstopdf

(/usr/local/texlive/2010/texmf-dist/tex/latex/oberdiek/grfext.sty
Package: grfext 2007/09/30 v1.0 Managing graphics extensions (HO)
)
(/usr/local/texlive/2010/texmf-dist/tex/latex/oberdiek/kvoptions.sty
Package: kvoptions 2010/02/22 v3.7 Keyval support for LaTeX options (HO)

(/usr/local/texlive/2010/texmf-dist/tex/generic/oberdiek/kvsetkeys.sty
Package: kvsetkeys 2010/03/01 v1.9 Key value parser (HO)

(/usr/local/texlive/2010/texmf-dist/tex/generic/oberdiek/etexcmds.sty
Package: etexcmds 2010/01/28 v1.3 Prefix for e-TeX command names (HO)
Package etexcmds Info: Could not find \expanded.
(etexcmds)             That can mean that you are not using pdfTeX 1.50 or
(etexcmds)             that some package has redefined \expanded.
(etexcmds)             In the latter case, load this package earlier.
)))
Package grfext Info: Graphics extension search list:
(grfext)             [.png,.pdf,.jpg,.mps,.jpeg,.jbig2,.jb2,.PNG,.PDF,.JPG,.JPE
G,.JBIG2,.JB2,.eps]
(grfext)             \AppendGraphicsExtensions on input line 436.

(/usr/local/texlive/2010/texmf-dist/tex/latex/latexconfig/epstopdf-sys.cfg
File: epstopdf-sys.cfg 2010/07/13 v1.3 Configuration of (r)epstopdf for TeX Liv
e
))
LaTeX Font Info:    Font shape `OT1/ptm/bx/n' in size <14.4> not available
(Font)              Font shape `OT1/ptm/b/n' tried instead on input line 16.
LaTeX Font Info:    External font `cmex10' loaded for size
(Font)              <12> on input line 16.
LaTeX Font Info:    External font `cmex10' loaded for size
(Font)              <8> on input line 16.
LaTeX Font Info:    External font `cmex10' loaded for size
(Font)              <6> on input line 16.

(./abstract.tex
LaTeX Font Info:    Font shape `OT1/ptm/bx/n' in size <11> not available
(Font)              Font shape `OT1/ptm/b/n' tried instead on input line 2.
LaTeX Font Info:    Font shape `OT1/ptm/bx/it' in size <10> not available
(Font)              Font shape `OT1/ptm/b/it' tried instead on input line 3.
) (./intro.tex
LaTeX Font Info:    Font shape `OT1/ptm/bx/n' in size <12> not available
(Font)              Font shape `OT1/ptm/b/n' tried instead on input line 2.
LaTeX Font Info:    Font shape `OT1/ptm/bx/n' in size <10> not available
(Font)              Font shape `OT1/ptm/b/n' tried instead on input line 4.


LaTeX Warning: Citation `Goldberger02' on page 1 undefined on input line 4.


LaTeX Warning: Citation `Malik89' on page 1 undefined on input line 4.


LaTeX Warning: Citation `Huikuri00' on page 1 undefined on input line 4.


LaTeX Warning: Citation `Huikuri00' on page 1 undefined on input line 4.


LaTeX Warning: Citation `goldberger91' on page 1 undefined on input line 4.


LaTeX Warning: Citation `pincus91' on page 1 undefined on input line 4.


LaTeX Warning: Citation `Goldberger02' on page 1 undefined on input line 4.


Underfull \vbox (badness 10000) has occurred while \output is active []



LaTeX Warning: Citation `Aubert03' on page 1 undefined on input line 6.


LaTeX Warning: Citation `Cabrera97' on page 1 undefined on input line 6.


Underfull \vbox (badness 2469) has occurred while \output is active []

 [1{/usr/local/texlive/2010/texmf-var/fonts/map/pdftex/updmap/pdftex.map}


]) (./dataset.tex
LaTeX Font Info:    External font `cmex10' loaded for size
(Font)              <7> on input line 7.
LaTeX Font Info:    External font `cmex10' loaded for size
(Font)              <5> on input line 7.
Missing character: There is no ¤ in font ptmr7t!


LaTeX Warning: Citation `Malik89' on page 2 undefined on input line 7.

) (./methods.tex
Underfull \vbox (badness 10000) has occurred while \output is active []



LaTeX Warning: Citation `richman00' on page 2 undefined on input line 9.


LaTeX Warning: Citation `pincus91' on page 2 undefined on input line 9.


LaTeX Warning: Citation `richman00' on page 2 undefined on input line 9.


LaTeX Warning: Citation `peng95' on page 2 undefined on input line 11.


LaTeX Warning: Citation `Kantelhardt02' on page 2 undefined on input line 12.

Package epstopdf Info: Source file: <./figs/indicesvsHR.eps>
(epstopdf)                    date: 2012-04-25 16:14:50
(epstopdf)                    size: 14776 bytes
(epstopdf)             Output file: <./figs/indicesvsHR-eps-converted-to.pdf>
(epstopdf)                    date: 2015-07-28 13:20:03
(epstopdf)                    size: 9022 bytes
(epstopdf)             Command: <repstopdf --outfile=./figs/indicesvsHR-eps-con
verted-to.pdf ./figs/indicesvsHR.eps>
(epstopdf)             \includegraphics on input line 16.
Package epstopdf Info: Output file is already uptodate.
<./figs/indicesvsHR-eps-converted-to.pdf, id=11, 1090.0725pt x 510.90875pt>
File: ./figs/indicesvsHR-eps-converted-to.pdf Graphic file (type pdf)

<use ./figs/indicesvsHR-eps-converted-to.pdf>
Package epstopdf Info: Source file: <./figs/HRRvsHRVR.eps>
(epstopdf)                    date: 2012-04-27 17:58:46
(epstopdf)                    size: 14120 bytes
(epstopdf)             Output file: <./figs/HRRvsHRVR-eps-converted-to.pdf>
(epstopdf)                    date: 2015-07-28 13:20:05
(epstopdf)                    size: 9401 bytes
(epstopdf)             Command: <repstopdf --outfile=./figs/HRRvsHRVR-eps-conve
rted-to.pdf ./figs/HRRvsHRVR.eps>
(epstopdf)             \includegraphics on input line 23.
Package epstopdf Info: Output file is already uptodate.

<./figs/HRRvsHRVR-eps-converted-to.pdf, id=12, 815.045pt x 375.4025pt>
File: ./figs/HRRvsHRVR-eps-converted-to.pdf Graphic file (type pdf)

<use ./figs/HRRvsHRVR-eps-converted-to.pdf> [2]
Package epstopdf Info: Source file: <./figs/alphas.eps>
(epstopdf)                    date: 2012-04-26 00:20:08
(epstopdf)                    size: 11483 bytes
(epstopdf)             Output file: <./figs/alphas-eps-converted-to.pdf>
(epstopdf)                    date: 2015-07-28 13:20:05
(epstopdf)                    size: 9114 bytes
(epstopdf)             Command: <repstopdf --outfile=./figs/alphas-eps-converte
d-to.pdf ./figs/alphas.eps>
(epstopdf)             \includegraphics on input line 37.
Package epstopdf Info: Output file is already uptodate.

<./figs/alphas-eps-converted-to.pdf, id=19, 410.53375pt x 309.155pt>
File: ./figs/alphas-eps-converted-to.pdf Graphic file (type pdf)

<use ./figs/alphas-eps-converted-to.pdf>) [3 <./figs/indicesvsHR-eps-converted-
to.pdf> <./figs/HRRvsHRVR-eps-converted-to.pdf>] (./results.tex
<./figs/Fig1_ST.pdf, id=45, 814.04124pt x 636.3775pt>
File: ./figs/Fig1_ST.pdf Graphic file (type pdf)
 <use ./figs/Fig1_ST.pdf>) (./conclusions.tex)
No file cinc_2015_hrv.bbl.

Package balance Warning: You have called \balance in second column
(balance)                Columns might not be balanced.

[4 <./figs/alphas-eps-converted-to.pdf>] [5 <./figs/Fig1_ST.pdf>]
(./cinc_2015_hrv.aux)

LaTeX Warning: There were undefined references.

 ) 
Here is how much of TeX's memory you used:
 1765 strings out of 493747
 24718 string characters out of 3143547
 81571 words of memory out of 3000000
 4978 multiletter control sequences out of 15000+200000
 43182 words of font info for 118 fonts, out of 3000000 for 9000
 714 hyphenation exceptions out of 8191
 37i,9n,24p,1313b,240s stack positions out of 5000i,500n,10000p,200000b,50000s
{/usr/local/texlive/2010/texmf-dist/fonts/enc/dvips/base/8r.enc}</usr/local/t
exlive/2010/texmf-dist/fonts/type1/public/amsfonts/cm/cmex10.pfb></usr/local/te
xlive/2010/texmf-dist/fonts/type1/public/amsfonts/cm/cmmi10.pfb></usr/local/tex
live/2010/texmf-dist/fonts/type1/public/amsfonts/cm/cmmi7.pfb></usr/local/texli
ve/2010/texmf-dist/fonts/type1/public/amsfonts/cm/cmr10.pfb></usr/local/texlive
/2010/texmf-dist/fonts/type1/public/amsfonts/cm/cmr7.pfb></usr/local/texlive/20
10/texmf-dist/fonts/type1/public/amsfonts/cm/cmr8.pfb></usr/local/texlive/2010/
texmf-dist/fonts/type1/public/amsfonts/cm/cmsy10.pfb></usr/local/texlive/2010/t
exmf-dist/fonts/type1/urw/times/utmb8a.pfb></usr/local/texlive/2010/texmf-dist/
fonts/type1/urw/times/utmbi8a.pfb></usr/local/texlive/2010/texmf-dist/fonts/typ
e1/urw/times/utmr8a.pfb></usr/local/texlive/2010/texmf-dist/fonts/type1/urw/tim
es/utmri8a.pfb>
Output written on cinc_2015_hrv.pdf (5 pages, 189455 bytes).
PDF statistics:
 141 PDF objects out of 1000 (max. 8388607)
 107 compressed objects within 2 object streams
 0 named destinations out of 1000 (max. 500000)
 21 words of extra memory for PDF output out of 10000 (max. 10000000)

